$**************  SCADETOC Version R17 (build i15) **************
** Generation date: 2016-11-26T11:08:43
** Command: scade -code "C:\Users\Bruna\Desktop\sp3\almost\SCADE\tutorial-arduino-display\tutorial-arduino-display.etp" -root DisplayOp -conf KCG -build -all
*************************************************************$
*** Generated Files Information (GENFIL): KCG- Generated files
 ~kcg_trace.xml
  at file C:\Users\Bruna\Desktop\sp3\almost\SCADE\tutorial-arduino-display\KCG\kcg_trace.xml, line 0, character 0
 ~kcg_metrics.txt
  at file C:\Users\Bruna\Desktop\sp3\almost\SCADE\tutorial-arduino-display\KCG\kcg_metrics.txt, line 0, character 0
 ~DisplayOp.c
  at file C:\Users\Bruna\Desktop\sp3\almost\SCADE\tutorial-arduino-display\KCG\DisplayOp.c, line 0, character 0
 ~DisplayOp.h
  at file C:\Users\Bruna\Desktop\sp3\almost\SCADE\tutorial-arduino-display\KCG\DisplayOp.h, line 0, character 0
 ~kcg_types.h
  at file C:\Users\Bruna\Desktop\sp3\almost\SCADE\tutorial-arduino-display\KCG\kcg_types.h, line 0, character 0
 ~kcg_consts.h
  at file C:\Users\Bruna\Desktop\sp3\almost\SCADE\tutorial-arduino-display\KCG\kcg_consts.h, line 0, character 0
 ~kcg_sensors.h
  at file C:\Users\Bruna\Desktop\sp3\almost\SCADE\tutorial-arduino-display\KCG\kcg_sensors.h, line 0, character 0
 ~kcg_imported_functions.h
  at file C:\Users\Bruna\Desktop\sp3\almost\SCADE\tutorial-arduino-display\KCG\kcg_imported_functions.h, line 0, character 0
 ~kcg_types.c
  at file C:\Users\Bruna\Desktop\sp3\almost\SCADE\tutorial-arduino-display\KCG\kcg_types.c, line 0, character 0
 ~kcg_consts.c
  at file C:\Users\Bruna\Desktop\sp3\almost\SCADE\tutorial-arduino-display\KCG\kcg_consts.c, line 0, character 0
 ~kcg_xml_filter_out.scade
  at file C:\Users\Bruna\Desktop\sp3\almost\SCADE\tutorial-arduino-display\KCG\kcg_xml_filter_out.scade, line 0, character 0
 ~config.txt
  at file C:\Users\Bruna\Desktop\sp3\almost\SCADE\tutorial-arduino-display\KCG\config.txt, line 0, character 0
*** Generated Files Information (GENFIL): Code Generator Generated files
 ~user_macros.h
  at file C:\Users\Bruna\Desktop\sp3\almost\SCADE\tutorial-arduino-display\KCG\user_macros.h, line 0, character 0
 ~kcg_imported_types.h
  at file C:\Users\Bruna\Desktop\sp3\almost\SCADE\tutorial-arduino-display\KCG\kcg_imported_types.h, line 0, character 0
 ~sc2c.log
  at file C:\Users\Bruna\Desktop\sp3\almost\SCADE\tutorial-arduino-display\KCG\sc2c.log, line 0, character 0
 ~sc2c_integration_files.txt
  at file C:\Users\Bruna\Desktop\sp3\almost\SCADE\tutorial-arduino-display\KCG\sc2c_integration_files.txt, line 0, character 0
*** Generated Files Information (GENFIL): Glue Code Generated files
 ~DisplayOp_standalone_exec.c
  at file C:\Users\Bruna\Desktop\sp3\almost\SCADE\tutorial-arduino-display\KCG\DisplayOp_standalone_exec.c, line 0, character 0
*** Generated Files Information (GENFIL): Standalone Executable Generated files
 ~standalone
  at file C:\Users\Bruna\Desktop\sp3\almost\SCADE\tutorial-arduino-display\KCG\standalone, line 0, character 0
*** Generated Files Information (GENFIL): Graphical Panels Generated files
 ~C:/Users/Bruna/Desktop/sp3/almost/SCADE/tutorial-arduino-display/KCG/SDY1_specification.h
  at file C:\Users\Bruna\Desktop\sp3\almost\SCADE\tutorial-arduino-display\KCG\SDY1_specification.h, line 0, character 0
 ~C:/Users/Bruna/Desktop/sp3/almost/SCADE/tutorial-arduino-display/KCG/SDY1_specification_symbology_layer.h
  at file C:\Users\Bruna\Desktop\sp3\almost\SCADE\tutorial-arduino-display\KCG\SDY1_specification_symbology_layer.h, line 0, character 0
 ~C:/Users/Bruna/Desktop/sp3/almost/SCADE/tutorial-arduino-display/KCG/SDY1_specification.dll
  at file C:\Users\Bruna\Desktop\sp3\almost\SCADE\tutorial-arduino-display\KCG\SDY1_specification.dll, line 0, character 0
*** Generated Files Information (GENFIL): Build Generated files
 ~Makefile
  at file C:\Users\Bruna\Desktop\sp3\almost\SCADE\tutorial-arduino-display\KCG\Makefile, line 0, character 0
$**************  SCADETOC Version R17 (build i15) **************
** Generation date: 2016-11-26T11:09:18
** sc2c.log
*************************************************************$
