
C:\Users\SHIGEMURA-PC\TS08-Drone\TS08-Drone\Simulation>gcc -print-search-dirs 
install: C:/Program Files/Esterel Technologies/SCADE R17/contrib/Msys/mingw_w64/bin/../lib/gcc/i686-w64-mingw32/4.8.3/
programs: =C:/Program Files/Esterel Technologies/SCADE R17/contrib/Msys/mingw_w64/bin/../libexec/gcc/i686-w64-mingw32/4.8.3/;C:/Program Files/Esterel Technologies/SCADE R17/contrib/Msys/mingw_w64/bin/../libexec/gcc/;C:/Program Files/Esterel Technologies/SCADE R17/contrib/Msys/mingw_w64/bin/../lib/gcc/i686-w64-mingw32/4.8.3/../../../../i686-w64-mingw32/bin/i686-w64-mingw32/4.8.3/;C:/Program Files/Esterel Technologies/SCADE R17/contrib/Msys/mingw_w64/bin/../lib/gcc/i686-w64-mingw32/4.8.3/../../../../i686-w64-mingw32/bin/
libraries: =C:/Program Files/Esterel Technologies/SCADE R17/contrib/Msys/mingw_w64/bin/../lib/gcc/i686-w64-mingw32/4.8.3/;C:/Program Files/Esterel Technologies/SCADE R17/contrib/Msys/mingw_w64/bin/../lib/gcc/;C:/Program Files/Esterel Technologies/SCADE R17/contrib/Msys/mingw_w64/bin/../lib/gcc/i686-w64-mingw32/4.8.3/../../../../i686-w64-mingw32/lib/i686-w64-mingw32/4.8.3/;C:/Program Files/Esterel Technologies/SCADE R17/contrib/Msys/mingw_w64/bin/../lib/gcc/i686-w64-mingw32/4.8.3/../../../../i686-w64-mingw32/lib/../lib/;C:/Program Files/Esterel Technologies/SCADE R17/contrib/Msys/mingw_w64/bin/../lib/gcc/i686-w64-mingw32/4.8.3/../../../i686-w64-mingw32/4.8.3/;C:/Program Files/Esterel Technologies/SCADE R17/contrib/Msys/mingw_w64/bin/../lib/gcc/i686-w64-mingw32/4.8.3/../../../../lib/;C:/mingw483/i686-483-win32-sjlj-rt_v3-rev0/mingw32/mingw/lib/i686-w64-mingw32/4.8.3/;C:/mingw483/i686-483-win32-sjlj-rt_v3-rev0/mingw32/mingw/lib/../lib/;C:/Program Files/Esterel Technologies/SCADE R17/contrib/Msys/mingw_w64/bin/../lib/gcc/i686-w64-mingw32/4.8.3/../../../../i686-w64-mingw32/lib/;C:/Program Files/Esterel Technologies/SCADE R17/contrib/Msys/mingw_w64/bin/../lib/gcc/i686-w64-mingw32/4.8.3/../../../;C:/mingw483/i686-483-win32-sjlj-rt_v3-rev0/mingw32/mingw/lib/
gcc -I"." -I"C:\Program Files\Esterel Technologies\SCADE R17\SCADE\." -I"C:\Program Files\Esterel Technologies\SCADE R17\SCADE\.\include" -I"C:\Program Files\Esterel Technologies\SCADE R17\SCADE\.\include\C" -I"C:\Program Files\Esterel Technologies\SCADE R17\SCADE\.\include\Ada" -I"C:\Program Files\Esterel Technologies\SCADE R17\SCADE\.\lib\Ada" -I"..\..\..\..\..\Program Files\Esterel Technologies\SCADE R17\SCADE\libraries\libmathext" -pedantic -DBUILD_DLL -DEXTENDED_SIM -DSIM -DWIN32 -D_CONSOLE -D_MBCS -c -ansi -std=c99 -m32 "Main_dll.c" -o "win32\Main_dll.o"
gcc -I"." -I"C:\Program Files\Esterel Technologies\SCADE R17\SCADE\." -I"C:\Program Files\Esterel Technologies\SCADE R17\SCADE\.\include" -I"C:\Program Files\Esterel Technologies\SCADE R17\SCADE\.\include\C" -I"C:\Program Files\Esterel Technologies\SCADE R17\SCADE\.\include\Ada" -I"C:\Program Files\Esterel Technologies\SCADE R17\SCADE\.\lib\Ada" -I"..\..\..\..\..\Program Files\Esterel Technologies\SCADE R17\SCADE\libraries\libmathext" -pedantic -DBUILD_DLL -DEXTENDED_SIM -DSIM -DWIN32 -D_CONSOLE -D_MBCS -c -ansi -std=c99 -m32 "Main_cosim.c" -o "win32\Main_cosim.o"
gcc -I"." -I"C:\Program Files\Esterel Technologies\SCADE R17\SCADE\." -I"C:\Program Files\Esterel Technologies\SCADE R17\SCADE\.\include" -I"C:\Program Files\Esterel Technologies\SCADE R17\SCADE\.\include\C" -I"C:\Program Files\Esterel Technologies\SCADE R17\SCADE\.\include\Ada" -I"C:\Program Files\Esterel Technologies\SCADE R17\SCADE\.\lib\Ada" -I"..\..\..\..\..\Program Files\Esterel Technologies\SCADE R17\SCADE\libraries\libmathext" -pedantic -DBUILD_DLL -DEXTENDED_SIM -DSIM -DWIN32 -D_CONSOLE -D_MBCS -c -ansi -std=c99 -m32 "Main_UA_1.c" -o "win32\Main_UA_1.o"
gcc -I"." -I"C:\Program Files\Esterel Technologies\SCADE R17\SCADE\." -I"C:\Program Files\Esterel Technologies\SCADE R17\SCADE\.\include" -I"C:\Program Files\Esterel Technologies\SCADE R17\SCADE\.\include\C" -I"C:\Program Files\Esterel Technologies\SCADE R17\SCADE\.\include\Ada" -I"C:\Program Files\Esterel Technologies\SCADE R17\SCADE\.\lib\Ada" -I"..\..\..\..\..\Program Files\Esterel Technologies\SCADE R17\SCADE\libraries\libmathext" -pedantic -DBUILD_DLL -DEXTENDED_SIM -DSIM -DWIN32 -D_CONSOLE -D_MBCS -c -ansi -std=c99 -m32 "Main_UA_1_private.c" -o "win32\Main_UA_1_private.o"
gcc -I"." -I"C:\Program Files\Esterel Technologies\SCADE R17\SCADE\." -I"C:\Program Files\Esterel Technologies\SCADE R17\SCADE\.\include" -I"C:\Program Files\Esterel Technologies\SCADE R17\SCADE\.\include\C" -I"C:\Program Files\Esterel Technologies\SCADE R17\SCADE\.\include\Ada" -I"C:\Program Files\Esterel Technologies\SCADE R17\SCADE\.\lib\Ada" -I"..\..\..\..\..\Program Files\Esterel Technologies\SCADE R17\SCADE\libraries\libmathext" -pedantic -DBUILD_DLL -DEXTENDED_SIM -DSIM -DWIN32 -D_CONSOLE -D_MBCS -c -ansi -std=c99 -m32 "Main_UA_1_LAY_1.c" -o "win32\Main_UA_1_LAY_1.o"
gcc -I"." -I"C:\Program Files\Esterel Technologies\SCADE R17\SCADE\." -I"C:\Program Files\Esterel Technologies\SCADE R17\SCADE\.\include" -I"C:\Program Files\Esterel Technologies\SCADE R17\SCADE\.\include\C" -I"C:\Program Files\Esterel Technologies\SCADE R17\SCADE\.\include\Ada" -I"C:\Program Files\Esterel Technologies\SCADE R17\SCADE\.\lib\Ada" -I"..\..\..\..\..\Program Files\Esterel Technologies\SCADE R17\SCADE\libraries\libmathext" -pedantic -DBUILD_DLL -DEXTENDED_SIM -DSIM -DWIN32 -D_CONSOLE -D_MBCS -c -ansi -std=c99 -m32 "Main.c" -o "win32\Main.o"
gcc -I"." -I"C:\Program Files\Esterel Technologies\SCADE R17\SCADE\." -I"C:\Program Files\Esterel Technologies\SCADE R17\SCADE\.\include" -I"C:\Program Files\Esterel Technologies\SCADE R17\SCADE\.\include\C" -I"C:\Program Files\Esterel Technologies\SCADE R17\SCADE\.\include\Ada" -I"C:\Program Files\Esterel Technologies\SCADE R17\SCADE\.\lib\Ada" -I"..\..\..\..\..\Program Files\Esterel Technologies\SCADE R17\SCADE\libraries\libmathext" -pedantic -DBUILD_DLL -DEXTENDED_SIM -DSIM -DWIN32 -D_CONSOLE -D_MBCS -c -ansi -std=c99 -m32 "kcg_types.c" -o "win32\kcg_types.o"
gcc -I"." -I"C:\Program Files\Esterel Technologies\SCADE R17\SCADE\." -I"C:\Program Files\Esterel Technologies\SCADE R17\SCADE\.\include" -I"C:\Program Files\Esterel Technologies\SCADE R17\SCADE\.\include\C" -I"C:\Program Files\Esterel Technologies\SCADE R17\SCADE\.\include\Ada" -I"C:\Program Files\Esterel Technologies\SCADE R17\SCADE\.\lib\Ada" -I"..\..\..\..\..\Program Files\Esterel Technologies\SCADE R17\SCADE\libraries\libmathext" -pedantic -DBUILD_DLL -DEXTENDED_SIM -DSIM -DWIN32 -D_CONSOLE -D_MBCS -c -ansi -std=c99 -m32 "kcg_consts.c" -o "win32\kcg_consts.o"
Main_UA_1_LAY_1.c: In function 'a661_com_layer_1':
Main_UA_1_LAY_1.c:49:9: warning: pointer targets in passing argument 7 of 'a661_com_csp_widget_Label' differ in signedness [-Wpointer-sign]
         scade_ctx->StatusButtonText, scade_ctx->Str_size);
         ^
In file included from Main_UA_1_LAY_1.c:14:0:
Main_UA_1_private.h:106:10: note: expected 'unsigned char *' but argument is of type 'kcg_char *'
 uaa_size a661_com_csp_widget_Label(buffer_el msg[], uaa_uint16 wid, uaa_bool A661_COLOR_INDEX__emit__, kcg_int A661_COLOR_INDEX_ColorIndex_, uaa_bool A661_STRING__emit__, unsigned innerdim_A661_STRING_LabelString_, unsigned char * A661_STRING_LabelString_, kcg_int A661_STRING_String_size_);
          ^
Main_UA_1_LAY_1.c:54:9: warning: pointer targets in passing argument 5 of 'a661_com_csp_widget_PushButton' differ in signedness [-Wpointer-sign]
         scade_ctx->Emit, 10, scade_ctx->ButtonText, scade_ctx->Str_size);
         ^
In file included from Main_UA_1_LAY_1.c:14:0:
Main_UA_1_private.h:104:10: note: expected 'unsigned char *' but argument is of type 'kcg_char *'
 uaa_size a661_com_csp_widget_PushButton(buffer_el msg[], uaa_uint16 wid, uaa_bool A661_STRING__emit__, unsigned innerdim_A661_STRING_LabelString_, unsigned char * A661_STRING_LabelString_, kcg_int A661_STRING_String_size_);
          ^
Main_UA_1_LAY_1.c:59:9: warning: pointer targets in passing argument 5 of 'a661_com_csp_widget_PushButton' differ in signedness [-Wpointer-sign]
         scade_ctx->Emit, 10, scade_ctx->TkoffText, scade_ctx->Str_size);
         ^
In file included from Main_UA_1_LAY_1.c:14:0:
Main_UA_1_private.h:104:10: note: expected 'unsigned char *' but argument is of type 'kcg_char *'
 uaa_size a661_com_csp_widget_PushButton(buffer_el msg[], uaa_uint16 wid, uaa_bool A661_STRING__emit__, unsigned innerdim_A661_STRING_LabelString_, unsigned char * A661_STRING_LabelString_, kcg_int A661_STRING_String_size_);
          ^
gcc -I"." -I"C:\Program Files\Esterel Technologies\SCADE R17\SCADE\." -I"C:\Program Files\Esterel Technologies\SCADE R17\SCADE\.\include" -I"C:\Program Files\Esterel Technologies\SCADE R17\SCADE\.\include\C" -I"C:\Program Files\Esterel Technologies\SCADE R17\SCADE\.\include\Ada" -I"C:\Program Files\Esterel Technologies\SCADE R17\SCADE\.\lib\Ada" -I"..\..\..\..\..\Program Files\Esterel Technologies\SCADE R17\SCADE\libraries\libmathext" -pedantic -DBUILD_DLL -DEXTENDED_SIM -DSIM -DWIN32 -D_CONSOLE -D_MBCS -c -ansi -std=c99 -m32 "TS08-Drone_snapshot.c" -o "win32\TS08-Drone_snapshot.o"
gcc -I"." -I"C:\Program Files\Esterel Technologies\SCADE R17\SCADE\." -I"C:\Program Files\Esterel Technologies\SCADE R17\SCADE\.\include" -I"C:\Program Files\Esterel Technologies\SCADE R17\SCADE\.\include\C" -I"C:\Program Files\Esterel Technologies\SCADE R17\SCADE\.\include\Ada" -I"C:\Program Files\Esterel Technologies\SCADE R17\SCADE\.\lib\Ada" -I"..\..\..\..\..\Program Files\Esterel Technologies\SCADE R17\SCADE\libraries\libmathext" -pedantic -DBUILD_DLL -DEXTENDED_SIM -DSIM -DWIN32 -D_CONSOLE -D_MBCS -c -ansi -std=c99 -m32 "TS08-Drone_type.c" -o "win32\TS08-Drone_type.o"
gcc -I"." -I"C:\Program Files\Esterel Technologies\SCADE R17\SCADE\." -I"C:\Program Files\Esterel Technologies\SCADE R17\SCADE\.\include" -I"C:\Program Files\Esterel Technologies\SCADE R17\SCADE\.\include\C" -I"C:\Program Files\Esterel Technologies\SCADE R17\SCADE\.\include\Ada" -I"C:\Program Files\Esterel Technologies\SCADE R17\SCADE\.\lib\Ada" -I"..\..\..\..\..\Program Files\Esterel Technologies\SCADE R17\SCADE\libraries\libmathext" -pedantic -DBUILD_DLL -DEXTENDED_SIM -DSIM -DWIN32 -D_CONSOLE -D_MBCS -c -ansi -std=c99 -m32 "TS08-Drone_mapping.c" -o "win32\TS08-Drone_mapping.o"
gcc -I"." -I"C:\Program Files\Esterel Technologies\SCADE R17\SCADE\." -I"C:\Program Files\Esterel Technologies\SCADE R17\SCADE\.\include" -I"C:\Program Files\Esterel Technologies\SCADE R17\SCADE\.\include\C" -I"C:\Program Files\Esterel Technologies\SCADE R17\SCADE\.\include\Ada" -I"C:\Program Files\Esterel Technologies\SCADE R17\SCADE\.\lib\Ada" -I"..\..\..\..\..\Program Files\Esterel Technologies\SCADE R17\SCADE\libraries\libmathext" -pedantic -DBUILD_DLL -DEXTENDED_SIM -DSIM -DWIN32 -D_CONSOLE -D_MBCS -c -ansi -std=c99 -m32 "TS08-Drone_interface.c" -o "win32\TS08-Drone_interface.o"
gcc "win32\Main_dll.o" "win32\SmuMainWindows.o" -lm -lwsock32 -m32 -o "Main.exe" 
gcc -mwindows -mwin32 -shared -static-libgcc  "win32\A661Cosim.o" "win32\Main_cosim.o" "win32\Main_UA_1.o" "win32\Main_UA_1_private.o" "win32\Main_UA_1_LAY_1.o" "win32\Main.o" "win32\kcg_types.o" "win32\kcg_consts.o" "win32\TS08-Drone_snapshot.o" "win32\TS08-Drone_type.o" "win32\SmuPredefConv.o" "win32\SmuTypes.o" "win32\SmuLib.o" "win32\SmuVTable.o" "win32\TS08-Drone_mapping.o" "win32\TS08-Drone_interface.o" "win32\SmuProxy.o" -Wl,--output-def,"SmuExport.def" -lm -lwsock32 -m32 -o "Main.dll" 
