I0001: SCADE Suite UA Adaptor Version R17 (build i15) (c) Esterel Technologies SAS 2012-2015 started at 2016-10-25T12:42:53.
I0005: Command line: "C:/Program Files/Esterel Technologies/SCADE R17/SCADE/bin/uaadaptor.exe" -sdy C:\Users\SHIGEMURA-PC\TS08-Drone\TS08-Drone\TS08-Drone.sdy -n "C:\Program Files\Esterel Technologies\SCADE R17\SCADE Display\config\a661_description\a661.xml" -outdir C:/Users/SHIGEMURA-PC/TS08-Drone/TS08-Drone/Simulation -k C:/Users/SHIGEMURA-PC/TS08-Drone/TS08-Drone/Simulation/kcg_trace.xml -o StatusControl_UA_1 -i TS08-Drone_interface.h -encoding ASCII C:\Users\SHIGEMURA-PC\TS08-Drone\UADF.sgfx
I0006: Generated file: <log> : C:\Users\SHIGEMURA-PC\TS08-Drone\TS08-Drone\Simulation\StatusControl_UA_1.log
I0007: Input file: C:\Program Files\Esterel Technologies\SCADE R17\SCADE Display\config\a661_description\a661.xml
I0007: Input file: C:\Program Files\Esterel Technologies\SCADE R17\SCADE Display\config\a661_description\const.xml
I0007: Input file: C:\Program Files\Esterel Technologies\SCADE R17\SCADE Display\config\a661_description\type.xml
I0007: Input file: C:\Program Files\Esterel Technologies\SCADE R17\SCADE Display\config\a661_description\a661hierarchy.xml
I0007: Input file: C:\Program Files\Esterel Technologies\SCADE R17\SCADE Display\config\a661_description\SymbolCommands\a661symbolHierarchy.xml
I0007: Input file: C:\Program Files\Esterel Technologies\SCADE R17\SCADE Display\config\a661_description\WidgetExtensions\a661extensionHierarchy.xml
I0007: Input file: C:\Program Files\Esterel Technologies\SCADE R17\SCADE Display\config\a661_description\a661layer.xml
I0007: Input file: C:\Program Files\Esterel Technologies\SCADE R17\SCADE Display\config\a661_description\BasicContainer.xml
I0007: Input file: C:\Program Files\Esterel Technologies\SCADE R17\SCADE Display\config\a661_description\BlinkingContainer.xml
I0007: Input file: C:\Program Files\Esterel Technologies\SCADE R17\SCADE Display\config\a661_description\RotationContainer.xml
I0007: Input file: C:\Program Files\Esterel Technologies\SCADE R17\SCADE Display\config\a661_description\TranslationContainer.xml
I0007: Input file: C:\Program Files\Esterel Technologies\SCADE R17\SCADE Display\config\a661_description\MaskContainer.xml
I0007: Input file: C:\Program Files\Esterel Technologies\SCADE R17\SCADE Display\config\a661_description\MutuallyExclusiveContainer.xml
I0007: Input file: C:\Program Files\Esterel Technologies\SCADE R17\SCADE Display\config\a661_description\PagingContainer.xml
I0007: Input file: C:\Program Files\Esterel Technologies\SCADE R17\SCADE Display\config\a661_description\Panel.xml
I0007: Input file: C:\Program Files\Esterel Technologies\SCADE R17\SCADE Display\config\a661_description\PopUpPanel.xml
I0007: Input file: C:\Program Files\Esterel Technologies\SCADE R17\SCADE Display\config\a661_description\PopUpPanelButton.xml
I0007: Input file: C:\Program Files\Esterel Technologies\SCADE R17\SCADE Display\config\a661_description\ScrollPanel.xml
I0007: Input file: C:\Program Files\Esterel Technologies\SCADE R17\SCADE Display\config\a661_description\RadioBox.xml
I0007: Input file: C:\Program Files\Esterel Technologies\SCADE R17\SCADE Display\config\a661_description\TabbedPanelGroup.xml
I0007: Input file: C:\Program Files\Esterel Technologies\SCADE R17\SCADE Display\config\a661_description\TabbedPanel.xml
I0007: Input file: C:\Program Files\Esterel Technologies\SCADE R17\SCADE Display\config\a661_description\MenuBar.xml
I0007: Input file: C:\Program Files\Esterel Technologies\SCADE R17\SCADE Display\config\a661_description\SizeToFitContainer.xml
I0007: Input file: C:\Program Files\Esterel Technologies\SCADE R17\SCADE Display\config\a661_description\ShuffleToFitContainer.xml
I0007: Input file: C:\Program Files\Esterel Technologies\SCADE R17\SCADE Display\config\a661_description\WatchdogContainer.xml
I0007: Input file: C:\Program Files\Esterel Technologies\SCADE R17\SCADE Display\config\a661_description\ActiveArea.xml
I0007: Input file: C:\Program Files\Esterel Technologies\SCADE R17\SCADE Display\config\a661_description\CursorOver.xml
I0007: Input file: C:\Program Files\Esterel Technologies\SCADE R17\SCADE Display\config\a661_description\CursorPosOverlay.xml
I0007: Input file: C:\Program Files\Esterel Technologies\SCADE R17\SCADE Display\config\a661_description\CheckButton.xml
I0007: Input file: C:\Program Files\Esterel Technologies\SCADE R17\SCADE Display\config\a661_description\EditBoxText.xml
I0007: Input file: C:\Program Files\Esterel Technologies\SCADE R17\SCADE Display\config\a661_description\EditBoxNumeric.xml
I0007: Input file: C:\Program Files\Esterel Technologies\SCADE R17\SCADE Display\config\a661_description\EditBoxNumericBCD.xml
I0007: Input file: C:\Program Files\Esterel Technologies\SCADE R17\SCADE Display\config\a661_description\EditBoxMasked.xml
I0007: Input file: C:\Program Files\Esterel Technologies\SCADE R17\SCADE Display\config\a661_description\EditBoxMultiLine.xml
I0007: Input file: C:\Program Files\Esterel Technologies\SCADE R17\SCADE Display\config\a661_description\PushButton.xml
I0007: Input file: C:\Program Files\Esterel Technologies\SCADE R17\SCADE Display\config\a661_description\PicturePushButton.xml
I0007: Input file: C:\Program Files\Esterel Technologies\SCADE R17\SCADE Display\config\a661_description\SymbolPushButton.xml
I0007: Input file: C:\Program Files\Esterel Technologies\SCADE R17\SCADE Display\config\a661_description\ToggleButton.xml
I0007: Input file: C:\Program Files\Esterel Technologies\SCADE R17\SCADE Display\config\a661_description\PictureToggleButton.xml
I0007: Input file: C:\Program Files\Esterel Technologies\SCADE R17\SCADE Display\config\a661_description\SymbolToggleButton.xml
I0007: Input file: C:\Program Files\Esterel Technologies\SCADE R17\SCADE Display\config\a661_description\ComboBox.xml
I0007: Input file: C:\Program Files\Esterel Technologies\SCADE R17\SCADE Display\config\a661_description\ComboBoxEdit.xml
I0007: Input file: C:\Program Files\Esterel Technologies\SCADE R17\SCADE Display\config\a661_description\SelectionListButton.xml
I0007: Input file: C:\Program Files\Esterel Technologies\SCADE R17\SCADE Display\config\a661_description\PopUpMenu.xml
I0007: Input file: C:\Program Files\Esterel Technologies\SCADE R17\SCADE Display\config\a661_description\PopUpMenuButton.xml
I0007: Input file: C:\Program Files\Esterel Technologies\SCADE R17\SCADE Display\config\a661_description\ScrollList.xml
I0007: Input file: C:\Program Files\Esterel Technologies\SCADE R17\SCADE Display\config\a661_description\Slider.xml
I0007: Input file: C:\Program Files\Esterel Technologies\SCADE R17\SCADE Display\config\a661_description\GpArcCircle.xml
I0007: Input file: C:\Program Files\Esterel Technologies\SCADE R17\SCADE Display\config\a661_description\GpArcEllipse.xml
I0007: Input file: C:\Program Files\Esterel Technologies\SCADE R17\SCADE Display\config\a661_description\GpCrown.xml
I0007: Input file: C:\Program Files\Esterel Technologies\SCADE R17\SCADE Display\config\a661_description\GpPolyline.xml
I0007: Input file: C:\Program Files\Esterel Technologies\SCADE R17\SCADE Display\config\a661_description\GpLine.xml
I0007: Input file: C:\Program Files\Esterel Technologies\SCADE R17\SCADE Display\config\a661_description\GpLinePolar.xml
I0007: Input file: C:\Program Files\Esterel Technologies\SCADE R17\SCADE Display\config\a661_description\GpRectangle.xml
I0007: Input file: C:\Program Files\Esterel Technologies\SCADE R17\SCADE Display\config\a661_description\GpTriangle.xml
I0007: Input file: C:\Program Files\Esterel Technologies\SCADE R17\SCADE Display\config\a661_description\Label.xml
I0007: Input file: C:\Program Files\Esterel Technologies\SCADE R17\SCADE Display\config\a661_description\LabelComplex.xml
I0007: Input file: C:\Program Files\Esterel Technologies\SCADE R17\SCADE Display\config\a661_description\Picture.xml
I0007: Input file: C:\Program Files\Esterel Technologies\SCADE R17\SCADE Display\config\a661_description\PictureAnimated.xml
I0007: Input file: C:\Program Files\Esterel Technologies\SCADE R17\SCADE Display\config\a661_description\Symbol.xml
I0007: Input file: C:\Program Files\Esterel Technologies\SCADE R17\SCADE Display\config\a661_description\SymbolAnimated.xml
I0007: Input file: C:\Program Files\Esterel Technologies\SCADE R17\SCADE Display\config\a661_description\NumericReadout.xml
I0007: Input file: C:\Program Files\Esterel Technologies\SCADE R17\SCADE Display\config\a661_description\MapHorz.xml
I0007: Input file: C:\Program Files\Esterel Technologies\SCADE R17\SCADE Display\config\a661_description\MapHorz_Source.xml
I0007: Input file: C:\Program Files\Esterel Technologies\SCADE R17\SCADE Display\config\a661_description\MapHorz_ItemList.xml
I0007: Input file: <UAADAPTOR msg> : C:\Program Files\Esterel Technologies\SCADE R17\SCADE Display\config\a661_description\uaadaptor/MapHorz_ItemList_BufferOfMapItems.xml
I0007: Input file: <UAADAPTOR msg> : C:\Program Files\Esterel Technologies\SCADE R17\SCADE Display\config\a661_description\uaadaptor/MapHorz_ItemList_BlockedBufferOfMapItems.xml
I0007: Input file: C:\Program Files\Esterel Technologies\SCADE R17\SCADE Display\config\a661_description\MapVert.xml
I0007: Input file: C:\Program Files\Esterel Technologies\SCADE R17\SCADE Display\config\a661_description\MapVert_ItemList.xml
I0007: Input file: <UAADAPTOR msg> : C:\Program Files\Esterel Technologies\SCADE R17\SCADE Display\config\a661_description\uaadaptor/MapVert_ItemList_BufferOfItems.xml
I0007: Input file: <UAADAPTOR msg> : C:\Program Files\Esterel Technologies\SCADE R17\SCADE Display\config\a661_description\uaadaptor/MapVert_ItemList_BlockedBufferOfItems.xml
I0007: Input file: C:\Program Files\Esterel Technologies\SCADE R17\SCADE Display\config\a661_description\MapVert_Source.xml
I0007: Input file: C:\Program Files\Esterel Technologies\SCADE R17\SCADE Display\config\a661_description\MapGrid.xml
I0007: Input file: <UAADAPTOR msg> : C:\Program Files\Esterel Technologies\SCADE R17\SCADE Display\config\a661_description\uaadaptor/MapGrid_bufferOfFillStyles.xml
I0007: Input file: C:\Program Files\Esterel Technologies\SCADE R17\SCADE Display\config\a661_description\MapHorz_Container.xml
I0007: Input file: C:\Program Files\Esterel Technologies\SCADE R17\SCADE Display\config\a661_description\MapHorz_Panel.xml
I0007: Input file: C:\Program Files\Esterel Technologies\SCADE R17\SCADE Display\config\a661_description\BroadcastReceiver.xml
I0007: Input file: C:\Program Files\Esterel Technologies\SCADE R17\SCADE Display\config\a661_description\BufferFormat.xml
I0007: Input file: C:\Program Files\Esterel Technologies\SCADE R17\SCADE Display\config\a661_description\Connector.xml
I0007: Input file: C:\Program Files\Esterel Technologies\SCADE R17\SCADE Display\config\a661_description\CursorRef.xml
I0007: Input file: C:\Program Files\Esterel Technologies\SCADE R17\SCADE Display\config\a661_description\DataScalingLong.xml
I0007: Input file: C:\Program Files\Esterel Technologies\SCADE R17\SCADE Display\config\a661_description\DataScalingULong.xml
I0007: Input file: C:\Program Files\Esterel Technologies\SCADE R17\SCADE Display\config\a661_description\DataScalingFR180.xml
I0007: Input file: C:\Program Files\Esterel Technologies\SCADE R17\SCADE Display\config\a661_description\ExternalSource.xml
I0007: Input file: C:\Program Files\Esterel Technologies\SCADE R17\SCADE Display\config\a661_description\FocusIn.xml
I0007: Input file: C:\Program Files\Esterel Technologies\SCADE R17\SCADE Display\config\a661_description\FocusOut.xml
I0007: Input file: C:\Program Files\Esterel Technologies\SCADE R17\SCADE Display\config\a661_description\FocusLink.xml
I0007: Input file: C:\Program Files\Esterel Technologies\SCADE R17\SCADE Display\config\a661_description\NoServiceMonitor.xml
I0007: Input file: C:\Program Files\Esterel Technologies\SCADE R17\SCADE Display\config\a661_description\ProxyButton.xml
I0007: Input file: C:\Program Files\Esterel Technologies\SCADE R17\SCADE Display\config\a661_description\SymbolCommands\Standard.xml
I0007: Input file: C:\Program Files\Esterel Technologies\SCADE R17\SCADE Display\config\a661_description\SymbolCommands\Focus.xml
I0007: Input file: C:\Program Files\Esterel Technologies\SCADE R17\SCADE Display\config\a661_description\SymbolCommands\Highlight.xml
I0007: Input file: C:\Program Files\Esterel Technologies\SCADE R17\SCADE Display\config\a661_description\SymbolCommands\RectangularSensitiveArea.xml
I0007: Input file: C:\Program Files\Esterel Technologies\SCADE R17\SCADE Display\config\a661_description\SymbolCommands\CircularSensitiveArea.xml
I0007: Input file: C:\Program Files\Esterel Technologies\SCADE R17\SCADE Display\config\a661_description\SymbolCommands\SetColor.xml
I0007: Input file: C:\Program Files\Esterel Technologies\SCADE R17\SCADE Display\config\a661_description\SymbolCommands\SetLineStyle.xml
I0007: Input file: C:\Program Files\Esterel Technologies\SCADE R17\SCADE Display\config\a661_description\SymbolCommands\SetFont.xml
I0007: Input file: C:\Program Files\Esterel Technologies\SCADE R17\SCADE Display\config\a661_description\SymbolCommands\SetHalo.xml
I0007: Input file: C:\Program Files\Esterel Technologies\SCADE R17\SCADE Display\config\a661_description\SymbolCommands\SetRotation.xml
I0007: Input file: C:\Program Files\Esterel Technologies\SCADE R17\SCADE Display\config\a661_description\SymbolCommands\SetTranslation.xml
I0007: Input file: C:\Program Files\Esterel Technologies\SCADE R17\SCADE Display\config\a661_description\SymbolCommands\StartGroup.xml
I0007: Input file: C:\Program Files\Esterel Technologies\SCADE R17\SCADE Display\config\a661_description\SymbolCommands\EndGroup.xml
I0007: Input file: C:\Program Files\Esterel Technologies\SCADE R17\SCADE Display\config\a661_description\SymbolCommands\LegendAnchor.xml
I0007: Input file: C:\Program Files\Esterel Technologies\SCADE R17\SCADE Display\config\a661_description\SymbolCommands\ArcEllipse.xml
I0007: Input file: C:\Program Files\Esterel Technologies\SCADE R17\SCADE Display\config\a661_description\SymbolCommands\ArcCircle.xml
I0007: Input file: C:\Program Files\Esterel Technologies\SCADE R17\SCADE Display\config\a661_description\SymbolCommands\Crown.xml
I0007: Input file: C:\Program Files\Esterel Technologies\SCADE R17\SCADE Display\config\a661_description\SymbolCommands\Line.xml
I0007: Input file: C:\Program Files\Esterel Technologies\SCADE R17\SCADE Display\config\a661_description\SymbolCommands\LinePolar.xml
I0007: Input file: C:\Program Files\Esterel Technologies\SCADE R17\SCADE Display\config\a661_description\SymbolCommands\Polyline.xml
I0007: Input file: C:\Program Files\Esterel Technologies\SCADE R17\SCADE Display\config\a661_description\SymbolCommands\Rectangle.xml
I0007: Input file: C:\Program Files\Esterel Technologies\SCADE R17\SCADE Display\config\a661_description\SymbolCommands\Triangle.xml
I0007: Input file: C:\Program Files\Esterel Technologies\SCADE R17\SCADE Display\config\a661_description\SymbolCommands\TriangleFan.xml
I0007: Input file: C:\Program Files\Esterel Technologies\SCADE R17\SCADE Display\config\a661_description\SymbolCommands\TriangleStrip.xml
I0007: Input file: C:\Program Files\Esterel Technologies\SCADE R17\SCADE Display\config\a661_description\SymbolCommands\Text.xml
I0007: Input file: C:\Program Files\Esterel Technologies\SCADE R17\SCADE Display\config\a661_description\SymbolCommands\BoundingRectangle.xml
I0007: Input file: C:\Program Files\Esterel Technologies\SCADE R17\SCADE Display\config\a661_description\SymbolCommands\BoundingCircle.xml
I0007: Input file: C:\Program Files\Esterel Technologies\SCADE R17\SCADE Display\config\a661_description\WidgetExtensions\DirectionalTabbingExtension.xml
I0007: Input file: C:\Program Files\Esterel Technologies\SCADE R17\SCADE Display\config\a661_description\WidgetExtensions\CursorEventsExtension.xml
I0007: Input file: C:\Program Files\Esterel Technologies\SCADE R17\SCADE Display\config\a661_description\WidgetExtensions\LegendStringAlignmentExtension.xml
I0007: Input file: C:\Program Files\Esterel Technologies\SCADE R17\SCADE Display\config\a661_description\WidgetExtensions\VisibleChildIndexExtension.xml
I0007: Input file: C:\Program Files\Esterel Technologies\SCADE R17\SCADE Display\config\a661_description\WidgetExtensions\InitialFocusExtension.xml
I0007: Input file: C:\Program Files\Esterel Technologies\SCADE R17\SCADE Display\config\a661_description\WidgetExtensions\FocusStopExtension.xml
I0007: Input file: C:\Program Files\Esterel Technologies\SCADE R17\SCADE Display\config\a661_description\WidgetExtensions\CursorShapeExtension.xml
I0007: Input file: <mapping> : C:\Users\SHIGEMURA-PC\TS08-Drone\TS08-Drone\TS08-Drone.sdy
I0007: Input file: C:\Users\SHIGEMURA-PC\TS08-Drone\UADF.sgfx
I0007: Input file: <scade: kcg_trace.xml> : C:/Users/SHIGEMURA-PC/TS08-Drone/TS08-Drone/Simulation/kcg_trace.xml
I0007: Input file: UA Node Name StatusControl
I0007: Input file: Operator Name StatusControl
I0007: Input file: UA Node Name StatusControl
I0007: Input file: Operator Name StatusControl
I0006: Generated file: <.c> : C:\Users\SHIGEMURA-PC\TS08-Drone\TS08-Drone\Simulation\StatusControl_UA_1_private.c
I0006: Generated file: <.c> : C:\Users\SHIGEMURA-PC\TS08-Drone\TS08-Drone\Simulation\StatusControl_UA_1.c
I0006: Generated file: <.c> : C:\Users\SHIGEMURA-PC\TS08-Drone\TS08-Drone\Simulation\StatusControl_UA_1_LAY_1.c
I0006: Generated file: <.h> : C:\Users\SHIGEMURA-PC\TS08-Drone\TS08-Drone\Simulation\StatusControl_UA_1_constants.h
I0006: Generated file: <.h> : C:\Users\SHIGEMURA-PC\TS08-Drone\TS08-Drone\Simulation\StatusControl_UA_1_private.h
I0006: Generated file: <.h> : C:\Users\SHIGEMURA-PC\TS08-Drone\TS08-Drone\Simulation\StatusControl_UA_1.h
I0808: [SUCCESSFUL]
I0006: Generated file: C:\Users\SHIGEMURA-PC\TS08-Drone\TS08-Drone\Simulation\StatusControl_UA_1.log
I0002: SCADE Suite UA Adaptor finished with 0 error(s) at 2016-10-25T12:42:59.
